<?xml version="1.0" encoding="UTF-8"?>
<!-- Generated by org.testng.reporters.JUnitReportReporter -->
<testsuite hostname="DESKTOP-5MB3UMM" failures="0" tests="6" name="testingbaba_tests.TextBox_Test" time="9.619" errors="0" timestamp="2024-08-23T01:49:11 IST" skipped="0">
  <testcase classname="testingbaba_tests.TextBox_Test" name="clickonclosebtn" time="2.160"/>
  <system-out/>
  <testcase classname="testingbaba_tests.TextBox_Test" name="clickonPractice" time="2.318"/>
  <system-out/>
  <testcase classname="testingbaba_tests.TextBox_Test" name="clickonElements" time="0.265"/>
  <system-out/>
  <testcase classname="testingbaba_tests.TextBox_Test" name="clickoneTextBox" time="0.232"/>
  <system-out/>
  <testcase classname="testingbaba_tests.TextBox_Test" name="filldetails" time="3.832"/>
  <system-out/>
  <testcase classname="testingbaba_tests.TextBox_Test" name="getDetails" time="0.812"/>
  <system-out/>
</testsuite> <!-- testingbaba_tests.TextBox_Test -->
