<?xml version="1.0" encoding="UTF-8"?>
<!-- Generated by org.testng.reporters.JUnitReportReporter -->
<testsuite hostname="DESKTOP-5MB3UMM" failures="0" tests="5" name="testingbaba_tests.Radiobttn_test" time="5.266" errors="0" timestamp="2024-08-25T15:27:32 IST" skipped="0">
  <testcase classname="testingbaba_tests.Radiobttn_test" name="clickonclosebtn" time="0.144"/>
  <system-out/>
  <testcase classname="testingbaba_tests.Radiobttn_test" name="clickonpractice" time="2.521"/>
  <system-out/>
  <testcase classname="testingbaba_tests.Radiobttn_test" name="clickOnElements" time="0.153"/>
  <system-out/>
  <testcase classname="testingbaba_tests.Radiobttn_test" name="clickOnRadiobtn" time="0.215"/>
  <system-out/>
  <testcase classname="testingbaba_tests.Radiobttn_test" name="clickOncondition" time="2.233"/>
  <system-out/>
</testsuite> <!-- testingbaba_tests.Radiobttn_test -->
