<?xml version="1.0" encoding="UTF-8"?>
<!-- Generated by org.testng.reporters.JUnitReportReporter -->
<testsuite hostname="DESKTOP-5MB3UMM" failures="0" tests="1" name="testingbaba_tests.Login_test" time="0.072" errors="0" timestamp="2024-08-23T01:49:11 IST" skipped="0">
  <testcase classname="testingbaba_tests.Login_test" name="getTitle_testingbaba" time="0.072"/>
  <system-out/>
</testsuite> <!-- testingbaba_tests.Login_test -->
